=== TASK LOG: 実験実装進捗 ===
Date: 2025-07-31 18:00
Task: Xcode内での4実装比較機能の実装

FILES CREATED:
1. /MobileNLD-FL/MobileNLD-FL/ExperimentView.swift
   - 実験実行用のSwiftUIビュー
   - 4実装（スカラー、SIMD、適応、提案手法）の比較UI
   - 進捗表示とリアルタイム結果表示

2. /MobileNLD-FL/MobileNLD-FL/ExperimentDataLoader.swift
   - Rösslerデータの読み込み機能
   - CSVファイルからQ15データを読み込み
   - フォールバック用のデータ生成機能

3. /MobileNLD-FL/MobileNLD-FL/ExperimentResultSaver.swift
   - 実験結果の保存機能
   - JSON形式での結果保存
   - マークダウン形式でのログ生成
   - デバイス情報の取得

FILES MODIFIED:
1. /MobileNLD-FL/MobileNLD-FL/ContentView.swift
   - ExperimentViewへのナビゲーションリンク追加
   - "Run 4-Implementation Comparison"ボタン

IMPLEMENTATION DETAILS:
1. ExperimentRunner クラス
   - 非同期で4実装を順次実行
   - 各実装10回の反復測定
   - 平均、最小、最大、標準偏差を計算

2. データ読み込み
   - 実験ディレクトリからRössler CSVデータを読み込み
   - キャッシング機能で効率化
   - 実機用のバンドルデータ読み込みサポート

3. 結果保存
   - タイムスタンプ付きJSONファイル
   - スピードアップ分析を自動計算
   - 人間が読みやすいマークダウンログ

FUNCTIONALITY:
- データサイズ選択: 50, 100, 200, 500, 1000サンプル
- リアルタイム進捗表示
- 結果の即時表示と詳細ビュー
- 自動的な結果保存とログ作成

NEXT STEPS:
1. Xcodeでビルドして実機/シミュレータで動作確認
2. 4実装の実際の性能比較実行
3. Instrumentsと連携したSIMD利用率測定

STATUS:
- UI実装: 完了
- データ読み込み: 完了
- 結果保存: 完了
- 実機テスト: 未実施