=== TASK LOG: コンパイルエラー修正（最終バッチ） ===
Date: 2025-07-31 19:00
Task: 最終的なコンパイルエラーの修正

ERRORS FIXED:

1. AdaptiveScalingEngine.swift
   - vDSP関数の型不一致（Q15 vs Float）
   - パターンマッチングの不完全なケース
   - 修正: 手動min/max計算、各caseを個別に処理

2. ComprehensiveNLDTests.swift
   - TestResult構造体の初期化引数不足
   - generateLorenzTimeSeries関数が存在しない
   - 文字列演算エラー
   - 修正: 全TestResult初期化にresult/referenceパラメータ追加
   - generateTestSignal関数を実装（Lorenz系カオス信号生成）

3. RunExperiment.swift
   - 戻り値の型不一致（配列 vs 辞書）
   - 修正: 測定結果を"measurements"キーでラップ

IMPLEMENTATION SUMMARY:
- 全TestResult初期化: 6パラメータ（testName, passed, result, reference, rmse, executionTime）
- vDSP API: Q15データには使用不可、手動実装に変更
- テストデータ生成: Lorenz方程式ベースのカオス信号生成関数を追加

FILES MODIFIED:
1. AdaptiveScalingEngine.swift
2. ComprehensiveNLDTests.swift
3. RunExperiment.swift
4. ExperimentalPerformanceMeasurement.swift
5. DynamicRangeMonitor.swift
6. CrossStageCoordinator.swift

STATUS:
- 全コンパイルエラー修正完了
- ビルド可能な状態