=== TASK LOG: 日本語と英語の洗練 ===
Date: 2025-07-31
Task ID: 4
Priority: MEDIUM (読みやすさとプロフェッショナリズム向上)

TASK SUMMARY:
単調な日本語表現を多様化し、英語アブストラクトの不自然な表現を修正

FILES TO MODIFY:
- /Users/kadoshima/Documents/MobileNLD-FL/paper/ieice_letter_complete.tex (全体)

PLANNED CHANGES:
1. 日本語の文体多様化
   - 「これにより」の繰り返しを回避
   - 「実現した」の単調さを解消
   - 受動態と能動態のバランス調整
2. 英語アブストラクトの自然化
   - "measurement limit below" → "below the measurement threshold"
   - "Although SIMD..." → "Despite the limited SIMD utilization..."
   - 文法的な不自然さの修正
3. 専門用語の統一
   - NLD/非線形動力学の表記統一
   - 固定小数点/Q15の一貫性確保

CONCEPTUAL IMPACT:
- 査読者の読みやすさ向上
- プロフェッショナルな印象の強化
- 技術内容の明確な伝達

CHANGES MADE:
1. 英語アブストラクトの自然化
   - "Although SIMD..." → "Despite the limited SIMD utilization..."
   - "below measurement limit" → "below the measurement threshold"
   - "that previously caused" の追加で文の流れを改善
2. 日本語表現の多様化（9箇所の修正）
   - 「これに対し」→「対照的に」
   - 「そこで本研究では」→「本研究では、この問題を解決するため」
   - 「これらの技術により」→「以上の技術的ブレークスルーにより」
   - 「これにより」→「この手法により」
   - 「図に示したアルゴリズムにより」→「図のアルゴリズムを実装し」
   - 「これにより」→「この最適化により」
   - 「実現した」→「達成した」「保証された」など
   - 「これらの成果は」→「本研究の成果は」
   - むすびの文章も洗練化
3. 文体の統一性向上
   - 受動態と能動態のバランス改善
   - 冗長な表現の削減
   - より簡潔で明確な表現への変更

QUANTITATIVE RESULTS:
- 「これにより」の使用：5回→1回（80%削減）
- 「実現した」の使用：3回→0回（完全排除）
- 文章の多様性：9箇所で異なる表現を導入
- 英語の自然さ：3箇所の主要な改善

ISSUES ENCOUNTERED:
なし

NEXT STEPS:
- 全体洗練とインパクト（文体+将来性の文献裏付け）

STATUS: COMPLETED